<?xml version="1.0" encoding="UTF-8"?>
<testsuite name="com.example.teststrategy.services.ValidateAndResourceServiceUnitTests" tests="8" skipped="0" failures="0" errors="0" timestamp="2023-10-02T12:04:43" hostname="pop-os-burk" time="0.038">
  <properties/>
  <testcase name="testIfPasswordContainsACapitalLetter()" classname="com.example.teststrategy.services.ValidateAndResourceServiceUnitTests" time="0.006"/>
  <testcase name="testsThatAgeIsNotUnderageOrImpossible()" classname="com.example.teststrategy.services.ValidateAndResourceServiceUnitTests" time="0.003"/>
  <testcase name="testThatEmailIsNull()" classname="com.example.teststrategy.services.ValidateAndResourceServiceUnitTests" time="0.003"/>
  <testcase name="testsThatPasswordContainsASymbol()" classname="com.example.teststrategy.services.ValidateAndResourceServiceUnitTests" time="0.003"/>
  <testcase name="testsThatPasswordIsNotTooShortOrTooLong()" classname="com.example.teststrategy.services.ValidateAndResourceServiceUnitTests" time="0.003"/>
  <testcase name="testThatEmailIsWrittenCorrect()" classname="com.example.teststrategy.services.ValidateAndResourceServiceUnitTests" time="0.004"/>
  <testcase name="testifAnIntegerBeingPositive()" classname="com.example.teststrategy.services.ValidateAndResourceServiceUnitTests" time="0.003"/>
  <testcase name="testIfNameIsWrittenCorrectly()" classname="com.example.teststrategy.services.ValidateAndResourceServiceUnitTests" time="0.003"/>
  <system-out><![CDATA[2023-10-02T14:04:42.690+02:00  INFO 270332 --- [    Test worker] t.c.s.AnnotationConfigContextLoaderUtils : Could not detect default configuration classes for test class [com.example.teststrategy.services.ValidateAndResourceServiceUnitTests]: ValidateAndResourceServiceUnitTests does not declare any static, non-private, non-final, nested classes annotated with @Configuration.
2023-10-02T14:04:42.694+02:00  INFO 270332 --- [    Test worker] .b.t.c.SpringBootTestContextBootstrapper : Found @SpringBootConfiguration com.example.teststrategy.TestStrategyApplication for test class com.example.teststrategy.services.ValidateAndResourceServiceUnitTests

  .   ____          _            __ _ _
 /\\ / ___'_ __ _ _(_)_ __  __ _ \ \ \ \
( ( )\___ | '_ | '_| | '_ \/ _` | \ \ \ \
 \\/  ___)| |_)| | | | | || (_| |  ) ) ) )
  '  |____| .__|_| |_|_| |_\__, | / / / /
 =========|_|==============|___/=/_/_/_/
 :: Spring Boot ::                (v3.1.4)

2023-10-02T14:04:42.731+02:00  INFO 270332 --- [    Test worker] .t.s.ValidateAndResourceServiceUnitTests : Starting ValidateAndResourceServiceUnitTests using Java 20.0.1 with PID 270332 (started by korv in /home/korv/repositories/devops-assignment-testing)
2023-10-02T14:04:42.732+02:00  INFO 270332 --- [    Test worker] .t.s.ValidateAndResourceServiceUnitTests : No active profile set, falling back to 1 default profile: "default"
2023-10-02T14:04:42.943+02:00  INFO 270332 --- [    Test worker] .s.d.r.c.RepositoryConfigurationDelegate : Bootstrapping Spring Data JPA repositories in DEFAULT mode.
2023-10-02T14:04:42.953+02:00  INFO 270332 --- [    Test worker] .s.d.r.c.RepositoryConfigurationDelegate : Finished Spring Data repository scanning in 8 ms. Found 3 JPA repository interfaces.
2023-10-02T14:04:43.054+02:00  INFO 270332 --- [    Test worker] com.zaxxer.hikari.HikariDataSource       : HikariPool-3 - Starting...
2023-10-02T14:04:43.055+02:00  INFO 270332 --- [    Test worker] com.zaxxer.hikari.pool.HikariPool        : HikariPool-3 - Added connection conn20: url=jdbc:h2:mem:dummy user=DUMMY
2023-10-02T14:04:43.055+02:00  INFO 270332 --- [    Test worker] com.zaxxer.hikari.HikariDataSource       : HikariPool-3 - Start completed.
2023-10-02T14:04:43.056+02:00  INFO 270332 --- [    Test worker] o.hibernate.jpa.internal.util.LogHelper  : HHH000204: Processing PersistenceUnitInfo [name: default]
2023-10-02T14:04:43.061+02:00  INFO 270332 --- [    Test worker] o.h.b.i.BytecodeProviderInitiator        : HHH000021: Bytecode provider name : bytebuddy
2023-10-02T14:04:43.062+02:00  INFO 270332 --- [    Test worker] o.s.o.j.p.SpringPersistenceUnitInfo      : No LoadTimeWeaver setup: ignoring JPA class transformer
2023-10-02T14:04:43.071+02:00  INFO 270332 --- [    Test worker] o.h.b.i.BytecodeProviderInitiator        : HHH000021: Bytecode provider name : bytebuddy
2023-10-02T14:04:43.131+02:00  INFO 270332 --- [    Test worker] o.h.e.t.j.p.i.JtaPlatformInitiator       : HHH000490: Using JtaPlatform implementation: [org.hibernate.engine.transaction.jta.platform.internal.NoJtaPlatform]
Hibernate: 
    drop table if exists balance cascade 
Hibernate: 
    drop table if exists login cascade 
Hibernate: 
    drop table if exists user_info cascade 
Hibernate: 
    drop sequence if exists balance_seq
Hibernate: 
    drop sequence if exists login_seq
Hibernate: 
    drop sequence if exists user_info_seq
Hibernate: 
    create sequence balance_seq start with 1 increment by 50
Hibernate: 
    create sequence login_seq start with 1 increment by 50
Hibernate: 
    create sequence user_info_seq start with 1 increment by 50
Hibernate: 
    create table balance (
        balance integer not null,
        id integer not null,
        userinfo_id integer not null,
        primary key (id)
    )
Hibernate: 
    create table login (
        id integer not null,
        email varchar(255),
        password varchar(255),
        primary key (id)
    )
Hibernate: 
    create table user_info (
        age integer not null,
        id integer not null,
        login_id integer not null,
        name varchar(255),
        primary key (id)
    )
2023-10-02T14:04:43.140+02:00  INFO 270332 --- [    Test worker] j.LocalContainerEntityManagerFactoryBean : Initialized JPA EntityManagerFactory for persistence unit 'default'
2023-10-02T14:04:43.166+02:00  WARN 270332 --- [    Test worker] JpaBaseConfiguration$JpaWebConfiguration : spring.jpa.open-in-view is enabled by default. Therefore, database queries may be performed during view rendering. Explicitly configure spring.jpa.open-in-view to disable this warning
2023-10-02T14:04:43.177+02:00  WARN 270332 --- [    Test worker] .s.s.UserDetailsServiceAutoConfiguration : 

Using generated security password: 26799627-01da-498f-b1d7-d586014ebaf2

This generated password is for development use only. Your security configuration must be updated before running your application in production.

2023-10-02T14:04:43.190+02:00  INFO 270332 --- [    Test worker] o.s.s.web.DefaultSecurityFilterChain     : Will secure any request with [org.springframework.security.web.session.DisableEncodeUrlFilter@1b58788a, org.springframework.security.web.context.request.async.WebAsyncManagerIntegrationFilter@31881213, org.springframework.security.web.context.SecurityContextHolderFilter@f62ae87, org.springframework.security.web.authentication.logout.LogoutFilter@22a10b71, org.springframework.security.web.savedrequest.RequestCacheAwareFilter@50be5d6f, org.springframework.security.web.servletapi.SecurityContextHolderAwareRequestFilter@48e0e779, org.springframework.security.web.authentication.AnonymousAuthenticationFilter@2162e4a, org.springframework.security.web.access.ExceptionTranslationFilter@690337df, org.springframework.security.web.access.intercept.AuthorizationFilter@4fc28b23]
2023-10-02T14:04:43.321+02:00  INFO 270332 --- [    Test worker] o.s.b.a.h2.H2ConsoleAutoConfiguration    : H2 console available at '/h2-console'. Database available at 'jdbc:h2:mem:dummy'
2023-10-02T14:04:43.353+02:00  INFO 270332 --- [    Test worker] .t.s.ValidateAndResourceServiceUnitTests : Started ValidateAndResourceServiceUnitTests in 0.655 seconds (process running for 6.836)
]]></system-out>
  <system-err><![CDATA[]]></system-err>
</testsuite>
