<?xml version="1.0" encoding="UTF-8"?>
<testsuite name="com.example.teststrategy.TestConnectionWithDatabase" tests="1" skipped="0" failures="0" errors="0" timestamp="2023-10-02T12:04:40" hostname="pop-os-burk" time="0.404">
  <properties/>
  <testcase name="testDatabaseConnection()" classname="com.example.teststrategy.TestConnectionWithDatabase" time="0.404"/>
  <system-out><![CDATA[14:04:37.211 [Test worker] INFO org.springframework.test.context.support.AnnotationConfigContextLoaderUtils -- Could not detect default configuration classes for test class [com.example.teststrategy.TestConnectionWithDatabase]: TestConnectionWithDatabase does not declare any static, non-private, non-final, nested classes annotated with @Configuration.
14:04:37.282 [Test worker] INFO org.springframework.boot.test.context.SpringBootTestContextBootstrapper -- Found @SpringBootConfiguration com.example.teststrategy.TestStrategyApplication for test class com.example.teststrategy.TestConnectionWithDatabase

  .   ____          _            __ _ _
 /\\ / ___'_ __ _ _(_)_ __  __ _ \ \ \ \
( ( )\___ | '_ | '_| | '_ \/ _` | \ \ \ \
 \\/  ___)| |_)| | | | | || (_| |  ) ) ) )
  '  |____| .__|_| |_|_| |_\__, | / / / /
 =========|_|==============|___/=/_/_/_/
 :: Spring Boot ::                (v3.1.4)

2023-10-02T14:04:37.554+02:00  INFO 270332 --- [    Test worker] c.e.t.TestConnectionWithDatabase         : Starting TestConnectionWithDatabase using Java 20.0.1 with PID 270332 (started by korv in /home/korv/repositories/devops-assignment-testing)
2023-10-02T14:04:37.555+02:00  INFO 270332 --- [    Test worker] c.e.t.TestConnectionWithDatabase         : No active profile set, falling back to 1 default profile: "default"
2023-10-02T14:04:38.059+02:00  INFO 270332 --- [    Test worker] .s.d.r.c.RepositoryConfigurationDelegate : Bootstrapping Spring Data JPA repositories in DEFAULT mode.
2023-10-02T14:04:38.105+02:00  INFO 270332 --- [    Test worker] .s.d.r.c.RepositoryConfigurationDelegate : Finished Spring Data repository scanning in 41 ms. Found 3 JPA repository interfaces.
2023-10-02T14:04:38.451+02:00  INFO 270332 --- [    Test worker] com.zaxxer.hikari.HikariDataSource       : HikariPool-1 - Starting...
2023-10-02T14:04:38.578+02:00  INFO 270332 --- [    Test worker] com.zaxxer.hikari.pool.HikariPool        : HikariPool-1 - Added connection conn0: url=jdbc:h2:mem:dummy user=DUMMY
2023-10-02T14:04:38.580+02:00  INFO 270332 --- [    Test worker] com.zaxxer.hikari.HikariDataSource       : HikariPool-1 - Start completed.
2023-10-02T14:04:38.628+02:00  INFO 270332 --- [    Test worker] o.hibernate.jpa.internal.util.LogHelper  : HHH000204: Processing PersistenceUnitInfo [name: default]
2023-10-02T14:04:38.663+02:00  INFO 270332 --- [    Test worker] org.hibernate.Version                    : HHH000412: Hibernate ORM core version 6.2.9.Final
2023-10-02T14:04:38.665+02:00  INFO 270332 --- [    Test worker] org.hibernate.cfg.Environment            : HHH000406: Using bytecode reflection optimizer
2023-10-02T14:04:38.758+02:00  INFO 270332 --- [    Test worker] o.h.b.i.BytecodeProviderInitiator        : HHH000021: Bytecode provider name : bytebuddy
2023-10-02T14:04:38.873+02:00  INFO 270332 --- [    Test worker] o.s.o.j.p.SpringPersistenceUnitInfo      : No LoadTimeWeaver setup: ignoring JPA class transformer
2023-10-02T14:04:39.056+02:00  INFO 270332 --- [    Test worker] o.h.b.i.BytecodeProviderInitiator        : HHH000021: Bytecode provider name : bytebuddy
2023-10-02T14:04:39.476+02:00  INFO 270332 --- [    Test worker] o.h.e.t.j.p.i.JtaPlatformInitiator       : HHH000490: Using JtaPlatform implementation: [org.hibernate.engine.transaction.jta.platform.internal.NoJtaPlatform]
Hibernate: 
    drop table if exists balance cascade 
Hibernate: 
    drop table if exists login cascade 
Hibernate: 
    drop table if exists user_info cascade 
Hibernate: 
    drop sequence if exists balance_seq
Hibernate: 
    drop sequence if exists login_seq
Hibernate: 
    drop sequence if exists user_info_seq
Hibernate: 
    create sequence balance_seq start with 1 increment by 50
Hibernate: 
    create sequence login_seq start with 1 increment by 50
Hibernate: 
    create sequence user_info_seq start with 1 increment by 50
Hibernate: 
    create table balance (
        balance integer not null,
        id integer not null,
        userinfo_id integer not null,
        primary key (id)
    )
Hibernate: 
    create table login (
        id integer not null,
        email varchar(255),
        password varchar(255),
        primary key (id)
    )
Hibernate: 
    create table user_info (
        age integer not null,
        id integer not null,
        login_id integer not null,
        name varchar(255),
        primary key (id)
    )
2023-10-02T14:04:39.501+02:00  INFO 270332 --- [    Test worker] j.LocalContainerEntityManagerFactoryBean : Initialized JPA EntityManagerFactory for persistence unit 'default'
2023-10-02T14:04:39.843+02:00  WARN 270332 --- [    Test worker] JpaBaseConfiguration$JpaWebConfiguration : spring.jpa.open-in-view is enabled by default. Therefore, database queries may be performed during view rendering. Explicitly configure spring.jpa.open-in-view to disable this warning
2023-10-02T14:04:39.870+02:00  WARN 270332 --- [    Test worker] .s.s.UserDetailsServiceAutoConfiguration : 

Using generated security password: 12ec4832-e3db-425e-a9e4-84e8c8378d6e

This generated password is for development use only. Your security configuration must be updated before running your application in production.

2023-10-02T14:04:39.967+02:00  INFO 270332 --- [    Test worker] o.s.s.web.DefaultSecurityFilterChain     : Will secure any request with [org.springframework.security.web.session.DisableEncodeUrlFilter@3ce2c5f6, org.springframework.security.web.context.request.async.WebAsyncManagerIntegrationFilter@20a3321a, org.springframework.security.web.context.SecurityContextHolderFilter@4df13b7e, org.springframework.security.web.authentication.logout.LogoutFilter@5837cb9e, org.springframework.security.web.savedrequest.RequestCacheAwareFilter@12b66c89, org.springframework.security.web.servletapi.SecurityContextHolderAwareRequestFilter@1dbfbd94, org.springframework.security.web.authentication.AnonymousAuthenticationFilter@744673f3, org.springframework.security.web.access.ExceptionTranslationFilter@1715193f, org.springframework.security.web.access.intercept.AuthorizationFilter@2f3d5cd]
2023-10-02T14:04:40.294+02:00  INFO 270332 --- [    Test worker] o.s.b.a.h2.H2ConsoleAutoConfiguration    : H2 console available at '/h2-console'. Database available at 'jdbc:h2:mem:dummy'
2023-10-02T14:04:40.347+02:00  INFO 270332 --- [    Test worker] c.e.t.TestConnectionWithDatabase         : Started TestConnectionWithDatabase in 2.953 seconds (process running for 3.829)
]]></system-out>
  <system-err><![CDATA[]]></system-err>
</testsuite>
