<?xml version="1.0" encoding="UTF-8"?>
<testsuite name="com.example.teststrategy.controllers.ControllerTest" tests="12" skipped="0" failures="0" errors="0" timestamp="2023-10-02T12:04:41" hostname="pop-os-burk" time="0.514">
  <properties/>
  <testcase name="setBalance_ValidRequest_ShouldReturnOK()" classname="com.example.teststrategy.controllers.ControllerTest" time="0.302"/>
  <testcase name="createNewUser_InvalidName_ShouldReturnBAD()" classname="com.example.teststrategy.controllers.ControllerTest" time="0.008"/>
  <testcase name="loginUser_InvalidPassword_ShouldReturnBAD()" classname="com.example.teststrategy.controllers.ControllerTest" time="0.013"/>
  <testcase name="createNewUser_ValidRequest_ShouldReturnOK()" classname="com.example.teststrategy.controllers.ControllerTest" time="0.069"/>
  <testcase name="createNewUser_EmailAlreadyExist_ShouldReturnBAD()" classname="com.example.teststrategy.controllers.ControllerTest" time="0.008"/>
  <testcase name="loginUser_ValidRequest_ShouldReturnOK()" classname="com.example.teststrategy.controllers.ControllerTest" time="0.067"/>
  <testcase name="getBalance_ValidRequest_ShouldReturnOK()" classname="com.example.teststrategy.controllers.ControllerTest" time="0.011"/>
  <testcase name="createNewUser_InvalidAge_ShouldReturnBAD()" classname="com.example.teststrategy.controllers.ControllerTest" time="0.005"/>
  <testcase name="setBalance_InvalidBalance_ShouldReturnBAD()" classname="com.example.teststrategy.controllers.ControllerTest" time="0.004"/>
  <testcase name="createNewUser_InvalidPassword_ShouldReturnBAD()" classname="com.example.teststrategy.controllers.ControllerTest" time="0.006"/>
  <testcase name="createNewUser_InvalidEmail_ShouldReturnBAD()" classname="com.example.teststrategy.controllers.ControllerTest" time="0.006"/>
  <testcase name="getBalance_InvalidRequest_ShouldReturnBAD()" classname="com.example.teststrategy.controllers.ControllerTest" time="0.005"/>
  <system-out><![CDATA[2023-10-02T14:04:40.785+02:00  INFO 270332 --- [    Test worker] t.c.s.AnnotationConfigContextLoaderUtils : Could not detect default configuration classes for test class [com.example.teststrategy.controllers.ControllerTest]: ControllerTest does not declare any static, non-private, non-final, nested classes annotated with @Configuration.
2023-10-02T14:04:40.798+02:00  INFO 270332 --- [    Test worker] .b.t.c.SpringBootTestContextBootstrapper : Found @SpringBootConfiguration com.example.teststrategy.TestStrategyApplication for test class com.example.teststrategy.controllers.ControllerTest

  .   ____          _            __ _ _
 /\\ / ___'_ __ _ _(_)_ __  __ _ \ \ \ \
( ( )\___ | '_ | '_| | '_ \/ _` | \ \ \ \
 \\/  ___)| |_)| | | | | || (_| |  ) ) ) )
  '  |____| .__|_| |_|_| |_\__, | / / / /
 =========|_|==============|___/=/_/_/_/
 :: Spring Boot ::                (v3.1.4)

2023-10-02T14:04:40.820+02:00  INFO 270332 --- [    Test worker] c.e.t.controllers.ControllerTest         : Starting ControllerTest using Java 20.0.1 with PID 270332 (started by korv in /home/korv/repositories/devops-assignment-testing)
2023-10-02T14:04:40.820+02:00  INFO 270332 --- [    Test worker] c.e.t.controllers.ControllerTest         : No active profile set, falling back to 1 default profile: "default"
2023-10-02T14:04:40.968+02:00  INFO 270332 --- [    Test worker] .s.d.r.c.RepositoryConfigurationDelegate : Bootstrapping Spring Data JPA repositories in DEFAULT mode.
2023-10-02T14:04:40.977+02:00  INFO 270332 --- [    Test worker] .s.d.r.c.RepositoryConfigurationDelegate : Finished Spring Data repository scanning in 8 ms. Found 3 JPA repository interfaces.
2023-10-02T14:04:41.103+02:00  INFO 270332 --- [    Test worker] com.zaxxer.hikari.HikariDataSource       : HikariPool-2 - Starting...
2023-10-02T14:04:41.104+02:00  INFO 270332 --- [    Test worker] com.zaxxer.hikari.pool.HikariPool        : HikariPool-2 - Added connection conn10: url=jdbc:h2:mem:dummy user=DUMMY
2023-10-02T14:04:41.104+02:00  INFO 270332 --- [    Test worker] com.zaxxer.hikari.HikariDataSource       : HikariPool-2 - Start completed.
2023-10-02T14:04:41.106+02:00  INFO 270332 --- [    Test worker] o.hibernate.jpa.internal.util.LogHelper  : HHH000204: Processing PersistenceUnitInfo [name: default]
2023-10-02T14:04:41.111+02:00  INFO 270332 --- [    Test worker] o.h.b.i.BytecodeProviderInitiator        : HHH000021: Bytecode provider name : bytebuddy
2023-10-02T14:04:41.111+02:00  INFO 270332 --- [    Test worker] o.s.o.j.p.SpringPersistenceUnitInfo      : No LoadTimeWeaver setup: ignoring JPA class transformer
2023-10-02T14:04:41.124+02:00  INFO 270332 --- [    Test worker] o.h.b.i.BytecodeProviderInitiator        : HHH000021: Bytecode provider name : bytebuddy
2023-10-02T14:04:41.179+02:00  INFO 270332 --- [    Test worker] o.h.e.t.j.p.i.JtaPlatformInitiator       : HHH000490: Using JtaPlatform implementation: [org.hibernate.engine.transaction.jta.platform.internal.NoJtaPlatform]
Hibernate: 
    drop table if exists balance cascade 
Hibernate: 
    drop table if exists login cascade 
Hibernate: 
    drop table if exists user_info cascade 
Hibernate: 
    drop sequence if exists balance_seq
Hibernate: 
    drop sequence if exists login_seq
Hibernate: 
    drop sequence if exists user_info_seq
Hibernate: 
    create sequence balance_seq start with 1 increment by 50
Hibernate: 
    create sequence login_seq start with 1 increment by 50
Hibernate: 
    create sequence user_info_seq start with 1 increment by 50
Hibernate: 
    create table balance (
        balance integer not null,
        id integer not null,
        userinfo_id integer not null,
        primary key (id)
    )
Hibernate: 
    create table login (
        id integer not null,
        email varchar(255),
        password varchar(255),
        primary key (id)
    )
Hibernate: 
    create table user_info (
        age integer not null,
        id integer not null,
        login_id integer not null,
        name varchar(255),
        primary key (id)
    )
2023-10-02T14:04:41.190+02:00  INFO 270332 --- [    Test worker] j.LocalContainerEntityManagerFactoryBean : Initialized JPA EntityManagerFactory for persistence unit 'default'
2023-10-02T14:04:41.288+02:00  WARN 270332 --- [    Test worker] JpaBaseConfiguration$JpaWebConfiguration : spring.jpa.open-in-view is enabled by default. Therefore, database queries may be performed during view rendering. Explicitly configure spring.jpa.open-in-view to disable this warning
2023-10-02T14:04:41.296+02:00  WARN 270332 --- [    Test worker] .s.s.UserDetailsServiceAutoConfiguration : 

Using generated security password: 0f177527-724b-4393-a3cc-5069783072a2

This generated password is for development use only. Your security configuration must be updated before running your application in production.

2023-10-02T14:04:41.307+02:00  INFO 270332 --- [    Test worker] o.s.s.web.DefaultSecurityFilterChain     : Will secure any request with [org.springframework.security.web.session.DisableEncodeUrlFilter@7f514dfe, org.springframework.security.web.context.request.async.WebAsyncManagerIntegrationFilter@2150dc64, org.springframework.security.web.context.SecurityContextHolderFilter@7725470b, org.springframework.security.web.authentication.logout.LogoutFilter@6c165921, org.springframework.security.web.savedrequest.RequestCacheAwareFilter@8947a4b, org.springframework.security.web.servletapi.SecurityContextHolderAwareRequestFilter@318155b1, org.springframework.security.web.authentication.AnonymousAuthenticationFilter@3f33c5e4, org.springframework.security.web.access.ExceptionTranslationFilter@6f5df147, org.springframework.security.web.access.intercept.AuthorizationFilter@7cecd959]
2023-10-02T14:04:41.415+02:00  INFO 270332 --- [    Test worker] o.s.b.a.h2.H2ConsoleAutoConfiguration    : H2 console available at '/h2-console'. Database available at 'jdbc:h2:mem:dummy'
2023-10-02T14:04:41.449+02:00  INFO 270332 --- [    Test worker] o.s.b.t.m.w.SpringBootMockServletContext : Initializing Spring TestDispatcherServlet ''
2023-10-02T14:04:41.450+02:00  INFO 270332 --- [    Test worker] o.s.t.web.servlet.TestDispatcherServlet  : Initializing Servlet ''
2023-10-02T14:04:41.450+02:00  INFO 270332 --- [    Test worker] o.s.t.web.servlet.TestDispatcherServlet  : Completed initialization in 0 ms
2023-10-02T14:04:41.456+02:00  INFO 270332 --- [    Test worker] c.e.t.controllers.ControllerTest         : Started ControllerTest in 0.655 seconds (process running for 4.939)
Hibernate: 
    select
        l1_0.id 
    from
        login l1_0 
    where
        l1_0.email=? fetch first ? rows only
Hibernate: 
    select
        next value for login_seq
Hibernate: 
    insert 
    into
        login
        (email,password,id) 
    values
        (?,?,?)
Hibernate: 
    select
        next value for user_info_seq
Hibernate: 
    insert 
    into
        user_info
        (age,login_id,name,id) 
    values
        (?,?,?,?)
Hibernate: 
    select
        next value for balance_seq
Hibernate: 
    insert 
    into
        balance
        (balance,userinfo_id,id) 
    values
        (?,?,?)
Hibernate: 
    select
        b1_0.id 
    from
        balance b1_0 
    where
        b1_0.userinfo_id=? fetch first ? rows only
Hibernate: 
    select
        b1_0.id,
        b1_0.balance,
        b1_0.userinfo_id 
    from
        balance b1_0 
    where
        b1_0.userinfo_id=?
Hibernate: 
    update
        balance 
    set
        balance=?,
        userinfo_id=? 
    where
        id=?
Hibernate: 
    select
        l1_0.id,
        l1_0.email,
        l1_0.password 
    from
        login l1_0 
    where
        l1_0.email=?
Hibernate: 
    select
        l1_0.id 
    from
        login l1_0 
    where
        l1_0.email=? fetch first ? rows only
Hibernate: 
    select
        next value for login_seq
Hibernate: 
    insert 
    into
        login
        (email,password,id) 
    values
        (?,?,?)
Hibernate: 
    select
        next value for user_info_seq
Hibernate: 
    insert 
    into
        user_info
        (age,login_id,name,id) 
    values
        (?,?,?,?)
Hibernate: 
    select
        next value for balance_seq
Hibernate: 
    insert 
    into
        balance
        (balance,userinfo_id,id) 
    values
        (?,?,?)
Hibernate: 
    select
        l1_0.id 
    from
        login l1_0 
    where
        l1_0.email=? fetch first ? rows only
Hibernate: 
    select
        l1_0.id,
        l1_0.email,
        l1_0.password 
    from
        login l1_0 
    where
        l1_0.email=?
Hibernate: 
    select
        l1_0.id,
        l1_0.email,
        l1_0.password 
    from
        login l1_0 
    where
        l1_0.email=?
Hibernate: 
    select
        u1_0.id,
        u1_0.age,
        u1_0.login_id,
        u1_0.name 
    from
        user_info u1_0 
    where
        u1_0.login_id=?
Hibernate: 
    select
        b1_0.id 
    from
        balance b1_0 
    where
        b1_0.userinfo_id=? fetch first ? rows only
Hibernate: 
    select
        b1_0.id,
        b1_0.balance,
        b1_0.userinfo_id 
    from
        balance b1_0 
    where
        b1_0.userinfo_id=?
Hibernate: 
    select
        b1_0.id 
    from
        balance b1_0 
    where
        b1_0.userinfo_id=? fetch first ? rows only
]]></system-out>
  <system-err><![CDATA[]]></system-err>
</testsuite>
