<?xml version="1.0" encoding="UTF-8"?>
<testsuite name="com.example.teststrategy.TestStrategyApplicationTests" tests="1" skipped="0" failures="0" errors="0" timestamp="2023-10-02T12:04:40" hostname="pop-os-burk" time="0.003">
  <properties/>
  <testcase name="contextLoads()" classname="com.example.teststrategy.TestStrategyApplicationTests" time="0.003"/>
  <system-out><![CDATA[2023-10-02T14:04:40.769+02:00  INFO 270332 --- [    Test worker] t.c.s.AnnotationConfigContextLoaderUtils : Could not detect default configuration classes for test class [com.example.teststrategy.TestStrategyApplicationTests]: TestStrategyApplicationTests does not declare any static, non-private, non-final, nested classes annotated with @Configuration.
2023-10-02T14:04:40.774+02:00  INFO 270332 --- [    Test worker] .b.t.c.SpringBootTestContextBootstrapper : Found @SpringBootConfiguration com.example.teststrategy.TestStrategyApplication for test class com.example.teststrategy.TestStrategyApplicationTests
]]></system-out>
  <system-err><![CDATA[]]></system-err>
</testsuite>
